[2024-07-13 21:16:14,568: INFO: main: >>>>>> stage Data Ingestion stage started <<<<<<]
[2024-07-13 21:16:14,572: INFO: common: yaml file: config\config.yaml loaded successfully]
[2024-07-13 21:16:14,582: INFO: common: yaml file: params.yaml loaded successfully]
[2024-07-13 21:16:14,583: INFO: common: created directory at: artifacts]
[2024-07-13 21:16:14,584: INFO: common: created directory at: artifacts/data_ingestion]
[2024-07-13 21:16:17,390: INFO: data_ingestion: artifacts/data_ingestion/data.zip download! with following info: 
Connection: close
Content-Length: 11616915
Cache-Control: max-age=300
Content-Security-Policy: default-src 'none'; style-src 'unsafe-inline'; sandbox
Content-Type: application/zip
ETag: "adf745abc03891fe493c3be264ec012691fe3fa21d861f35a27edbe6d86a76b1"
Strict-Transport-Security: max-age=31536000
X-Content-Type-Options: nosniff
X-Frame-Options: deny
X-XSS-Protection: 1; mode=block
X-GitHub-Request-Id: A9DD:A79DA:7DA34:AB85D:66928280
Accept-Ranges: bytes
Date: Sat, 13 Jul 2024 15:46:16 GMT
Via: 1.1 varnish
X-Served-By: cache-maa10238-MAA
X-Cache: HIT
X-Cache-Hits: 0
X-Timer: S1720885576.776769,VS0,VE296
Vary: Authorization,Accept-Encoding,Origin
Access-Control-Allow-Origin: *
Cross-Origin-Resource-Policy: cross-origin
X-Fastly-Request-ID: 8766c795ef5292c8944d516da43308217e951b40
Expires: Sat, 13 Jul 2024 15:51:16 GMT
Source-Age: 0

]
[2024-07-13 21:16:17,825: INFO: main: >>>>>> stage Data Ingestion stage completed <<<<<<

x==========x]
[2024-07-13 21:16:17,826: INFO: main: *******************]
[2024-07-13 21:16:17,826: INFO: main: >>>>>> stage Prepare base model started <<<<<<]
[2024-07-13 21:16:17,829: INFO: common: yaml file: config\config.yaml loaded successfully]
[2024-07-13 21:16:17,833: INFO: common: yaml file: params.yaml loaded successfully]
[2024-07-13 21:16:17,833: INFO: common: created directory at: artifacts]
[2024-07-13 21:16:17,834: INFO: common: created directory at: artifacts/prepare_base_model]
[2024-07-13 21:16:28,197: WARNING: saving_utils: Compiled the loaded model, but the compiled metrics have yet to be built. `model.compile_metrics` will be empty until you train or evaluate the model.]
[2024-07-13 21:16:28,437: INFO: main: >>>>>> stage Prepare base model completed <<<<<<

x==========x]
[2024-07-13 21:16:28,437: INFO: main: *******************]
[2024-07-13 21:16:28,437: INFO: main: >>>>>> stage Training started <<<<<<]
[2024-07-13 21:16:28,440: INFO: common: yaml file: config\config.yaml loaded successfully]
[2024-07-13 21:16:28,443: INFO: common: yaml file: params.yaml loaded successfully]
[2024-07-13 21:16:29,143: INFO: common: created directory at: artifacts]
[2024-07-13 21:16:29,145: INFO: common: created directory at: artifacts\prepare_callbacks\checkpoint_dir]
[2024-07-13 21:16:29,145: INFO: common: created directory at: artifacts\prepare_callbacks\tensorboard_log_dir]
[2024-07-13 21:16:29,146: INFO: common: created directory at: artifacts\training]
[2024-07-13 21:17:13,579: INFO: main: >>>>>> stage Training completed <<<<<<

x==========x]
[2024-07-13 21:17:13,580: INFO: main: *******************]
[2024-07-13 21:17:13,580: INFO: main: >>>>>> stage Evaluation stage started <<<<<<]
[2024-07-13 21:17:13,584: INFO: common: yaml file: config\config.yaml loaded successfully]
[2024-07-13 21:17:13,587: INFO: common: yaml file: params.yaml loaded successfully]
[2024-07-13 21:17:13,587: INFO: common: created directory at: artifacts]
[2024-07-13 21:17:26,394: INFO: common: json file saved at: scores.json]
[2024-07-13 21:17:26,395: INFO: main: >>>>>> stage Evaluation stage completed <<<<<<

x==========x]
[2024-07-13 21:21:46,427: INFO: common: yaml file: config\config.yaml loaded successfully]
[2024-07-13 21:21:46,433: INFO: common: yaml file: params.yaml loaded successfully]
[2024-07-13 21:21:46,435: INFO: common: created directory at: artifacts]
[2024-07-13 21:21:46,436: INFO: common: created directory at: artifacts/data_ingestion]
[2024-07-13 21:21:46,437: INFO: 1170291011: File already exists of size: ~ 11345 KB]
[2024-07-13 21:22:08,300: INFO: common: yaml file: config\config.yaml loaded successfully]
[2024-07-13 21:22:08,306: INFO: common: yaml file: params.yaml loaded successfully]
[2024-07-13 21:22:08,307: INFO: common: created directory at: artifacts]
[2024-07-13 21:22:08,309: INFO: common: created directory at: artifacts/prepare_base_model]
[2024-07-13 21:22:08,786: WARNING: saving_utils: Compiled the loaded model, but the compiled metrics have yet to be built. `model.compile_metrics` will be empty until you train or evaluate the model.]
[2024-07-13 21:22:17,088: INFO: common: yaml file: config\config.yaml loaded successfully]
[2024-07-13 21:22:17,093: INFO: common: yaml file: params.yaml loaded successfully]
[2024-07-13 21:22:17,096: INFO: common: created directory at: artifacts]
[2024-07-13 21:22:17,098: INFO: common: created directory at: artifacts\prepare_callbacks\checkpoint_dir]
[2024-07-13 21:22:17,100: INFO: common: created directory at: artifacts\prepare_callbacks\tensorboard_log_dir]
[2024-07-13 21:22:23,318: INFO: common: yaml file: config\config.yaml loaded successfully]
[2024-07-13 21:22:23,324: INFO: common: yaml file: params.yaml loaded successfully]
[2024-07-13 21:22:23,326: INFO: common: created directory at: artifacts]
[2024-07-13 21:22:23,330: INFO: common: created directory at: artifacts\prepare_callbacks\checkpoint_dir]
[2024-07-13 21:22:23,331: INFO: common: created directory at: artifacts\prepare_callbacks\tensorboard_log_dir]
[2024-07-13 21:22:23,334: INFO: common: created directory at: artifacts\training]
[2024-07-13 21:23:00,601: INFO: common: yaml file: config\config.yaml loaded successfully]
[2024-07-13 21:23:00,605: INFO: common: yaml file: params.yaml loaded successfully]
[2024-07-13 21:23:00,607: INFO: common: created directory at: artifacts]
[2024-07-13 21:23:20,319: INFO: common: json file saved at: scores.json]
[2024-07-13 21:29:10,404: INFO: common: yaml file: config\config.yaml loaded successfully]
[2024-07-13 21:29:10,411: INFO: common: yaml file: params.yaml loaded successfully]
[2024-07-13 21:29:10,414: INFO: common: created directory at: artifacts]
[2024-07-13 21:29:24,402: INFO: common: json file saved at: scores.json]
[2024-07-13 22:58:24,620: INFO: main: >>>>>> stage Data Ingestion stage started <<<<<<]
[2024-07-13 22:58:24,622: INFO: common: yaml file: config\config.yaml loaded successfully]
[2024-07-13 22:58:24,623: INFO: common: yaml file: params.yaml loaded successfully]
[2024-07-13 22:58:24,625: INFO: common: created directory at: artifacts]
[2024-07-13 22:58:24,625: INFO: common: created directory at: artifacts/data_ingestion]
[2024-07-13 22:58:28,641: INFO: data_ingestion: artifacts/data_ingestion/data.zip download! with following info: 
Connection: close
Content-Length: 11616915
Cache-Control: max-age=300
Content-Security-Policy: default-src 'none'; style-src 'unsafe-inline'; sandbox
Content-Type: application/zip
ETag: "adf745abc03891fe493c3be264ec012691fe3fa21d861f35a27edbe6d86a76b1"
Strict-Transport-Security: max-age=31536000
X-Content-Type-Options: nosniff
X-Frame-Options: deny
X-XSS-Protection: 1; mode=block
X-GitHub-Request-Id: 7DA0:A30CC:A097D:D9BF4:6692B939
Accept-Ranges: bytes
Date: Sat, 13 Jul 2024 17:28:27 GMT
Via: 1.1 varnish
X-Served-By: cache-maa10227-MAA
X-Cache: MISS
X-Cache-Hits: 0
X-Timer: S1720891705.309464,VS0,VE1944
Vary: Authorization,Accept-Encoding,Origin
Access-Control-Allow-Origin: *
Cross-Origin-Resource-Policy: cross-origin
X-Fastly-Request-ID: 5f5d03a70c2b92507b1e090c1345871cfcf979a1
Expires: Sat, 13 Jul 2024 17:33:27 GMT
Source-Age: 2

]
[2024-07-13 22:58:28,907: INFO: main: >>>>>> stage Data Ingestion stage completed <<<<<<

x==========x]
[2024-07-13 22:58:28,907: INFO: main: *******************]
[2024-07-13 22:58:28,907: INFO: main: >>>>>> stage Prepare base model started <<<<<<]
[2024-07-13 22:58:28,909: INFO: common: yaml file: config\config.yaml loaded successfully]
[2024-07-13 22:58:28,911: INFO: common: yaml file: params.yaml loaded successfully]
[2024-07-13 22:58:28,911: INFO: common: created directory at: artifacts]
[2024-07-13 22:58:28,912: INFO: common: created directory at: artifacts/prepare_base_model]
[2024-07-13 22:58:29,271: WARNING: saving_utils: Compiled the loaded model, but the compiled metrics have yet to be built. `model.compile_metrics` will be empty until you train or evaluate the model.]
[2024-07-13 22:58:29,419: INFO: main: >>>>>> stage Prepare base model completed <<<<<<

x==========x]
[2024-07-13 22:58:29,419: INFO: main: *******************]
[2024-07-13 22:58:29,419: INFO: main: >>>>>> stage Training started <<<<<<]
[2024-07-13 22:58:29,422: INFO: common: yaml file: config\config.yaml loaded successfully]
[2024-07-13 22:58:29,424: INFO: common: yaml file: params.yaml loaded successfully]
[2024-07-13 22:58:29,424: INFO: common: created directory at: artifacts]
[2024-07-13 22:58:29,424: INFO: common: created directory at: artifacts\prepare_callbacks\checkpoint_dir]
[2024-07-13 22:58:29,426: INFO: common: created directory at: artifacts\prepare_callbacks\tensorboard_log_dir]
[2024-07-13 22:58:29,426: INFO: common: created directory at: artifacts\training]
[2024-07-13 22:58:59,627: INFO: main: >>>>>> stage Training completed <<<<<<

x==========x]
[2024-07-13 22:58:59,628: INFO: main: *******************]
[2024-07-13 22:58:59,628: INFO: main: >>>>>> stage Evaluation stage started <<<<<<]
[2024-07-13 22:58:59,630: INFO: common: yaml file: config\config.yaml loaded successfully]
[2024-07-13 22:58:59,632: INFO: common: yaml file: params.yaml loaded successfully]
[2024-07-13 22:58:59,632: INFO: common: created directory at: artifacts]
[2024-07-13 22:59:09,962: INFO: common: json file saved at: scores.json]
[2024-07-13 22:59:09,962: INFO: main: >>>>>> stage Evaluation stage completed <<<<<<

x==========x]
